[2024-05-24 07:19:46] [ERROR] This is an error message.
[2024-05-24 07:20:17] [ERROR] This is an error message.
[2024-05-24 07:21:49] [INFO] EDIT SUCCESS: The Eras Tour
[2024-05-24 07:22:10] [INFO] EDIT SUCCESS: The Eras Tour
[2024-05-24 07:22:20] [INFO] EDIT SUCCESS: Barbie
[2024-05-24 07:22:22] [INFO] EDIT SUCCESS: Barbie
[2024-05-24 07:22:52] [INFO] EDIT SUCCESS: Oppenheimer ID: 
[2024-05-24 07:24:12] [INFO] EDIT SUCCESS
[2024-05-24 07:24:12] [INFO] EDIT SUCCESS: The Eras Tours ID: 1
[2024-05-24 07:24:15] [INFO] EDIT SUCCESS
[2024-05-24 07:24:15] [INFO] EDIT SUCCESS: The Eras Toursw ID: 1
[2024-05-24 07:24:19] [INFO] EDIT SUCCESS
[2024-05-24 07:24:19] [INFO] EDIT SUCCESS: The Eras Tour ID: 1
[2024-05-24 07:25:47] [INFO] EDIT SUCCESS
[2024-05-24 07:25:47] [INFO] EDIT SUCCESS: The Eras Tours ID: 1
[2024-05-24 07:25:50] [INFO] EDIT SUCCESS
[2024-05-24 07:25:50] [INFO] EDIT SUCCESS: The Eras Tour ID: 1
[2024-05-24 07:35:12] [INFO] EDIT SUCCESS
[2024-05-24 07:35:12] [INFO] EDIT SUCCESS: The Eras Tour ID: 1
[2024-05-24 07:35:15] [INFO] EDIT SUCCESS
[2024-05-24 07:35:15] [INFO] EDIT SUCCESS: The Eras Tour ID: 1
[2024-05-24 07:35:18] [INFO] EDIT SUCCESS
[2024-05-24 07:35:18] [INFO] EDIT SUCCESS: The Eras Tours ID: 1
[2024-05-24 07:35:35] [INFO] EDIT SUCCESS
[2024-05-24 07:35:35] [INFO] EDIT SUCCESS: The Eras Tour ID: 1
[2024-05-24 07:35:38] [INFO] EDIT SUCCESS
[2024-05-24 07:35:38] [INFO] EDIT SUCCESS: The Eras Tourw ID: 1
[2024-05-24 07:37:00] [INFO] EDIT SUCCESS
[2024-05-24 07:37:00] [INFO] EDIT SUCCESS: The Eras Tour ID: 1
[2024-05-24 07:37:02] [INFO] EDIT SUCCESS
[2024-05-24 07:37:02] [INFO] EDIT SUCCESS: The Eras Tour ID: 1
[2024-05-24 07:39:06] [INFO] EDIT SUCCESS
[2024-05-24 07:39:06] [INFO] EDIT SUCCESS: The Eras Tour ID: 1
[2024-05-24 07:39:10] [INFO] EDIT SUCCESS
[2024-05-24 07:39:10] [INFO] EDIT SUCCESS: The Eras Tour ID: 1
[2024-05-24 07:41:13] [INFO] EDIT SUCCESS
[2024-05-24 07:41:13] [INFO] EDIT SUCCESS: The Eras Tour ID: 1
[2024-05-24 11:23:26] [INFO] EDIT SUCCESS
[2024-05-24 11:23:26] [INFO] EDIT SUCCESS: Oppenheimer ID: 66501d686c896
[2024-05-24 11:24:14] [INFO] EDIT SUCCESS
[2024-05-24 11:24:14] [INFO] EDIT SUCCESS: Oppenheimer ID: 66501d686c896
[2024-05-24 11:35:48] [INFO] EDIT SUCCESS
[2024-05-24 11:35:48] [INFO] EDIT SUCCESS: The Eras Tour ID: 1
[2024-05-24 11:35:51] [INFO] EDIT SUCCESS
[2024-05-24 11:35:51] [INFO] EDIT SUCCESS: Oppenheimer ID: 66501d686c896
[2024-05-24 11:35:54] [INFO] EDIT SUCCESS
[2024-05-24 11:35:54] [INFO] EDIT SUCCESS: Barbie ID: 66501fdc54c08
[2024-05-24 11:36:42] [INFO] EDIT SUCCESS
[2024-05-24 11:36:42] [INFO] EDIT SUCCESS: Oppenheimer ID: 66501d686c896
[2024-05-24 11:39:25] [INFO] EDIT SUCCESS
[2024-05-24 11:39:25] [INFO] EDIT SUCCESS: Barbie ID: 66501fdc54c08
[2024-05-24 11:49:35] [INFO] EDIT SUCCESS
[2024-05-24 11:49:35] [INFO] EDIT SUCCESS: Oppenheimer ID: 66501d686c896
[2024-05-24 11:49:40] [INFO] EDIT SUCCESS
[2024-05-24 11:49:40] [INFO] EDIT SUCCESS: The Eras Tour ID: 1
[2024-05-24 11:51:23] [INFO] EDIT SUCCESS
[2024-05-24 11:51:23] [INFO] EDIT SUCCESS: w ID: 665060a14546f
[2024-05-24 11:51:34] [INFO] EDIT SUCCESS
[2024-05-24 11:51:34] [INFO] EDIT SUCCESS: Challengers ID: 665060a14546f
[2024-05-24 11:51:40] [INFO] EDIT SUCCESS
[2024-05-24 11:51:40] [INFO] EDIT SUCCESS: Challengers ID: 665060a14546f
[2024-05-24 11:55:41] [INFO] EDIT SUCCESS
[2024-05-24 11:55:41] [INFO] EDIT SUCCESS: Barbie ID: 66501fdc54c08
[2024-05-24 11:55:45] [INFO] EDIT SUCCESS
[2024-05-24 11:55:45] [INFO] EDIT SUCCESS: Oppenheimer ID: 66501d686c896
[2024-05-24 11:55:48] [INFO] EDIT SUCCESS
[2024-05-24 11:55:48] [INFO] EDIT SUCCESS: Oppenheimer ID: 66501d686c896
[2024-05-24 12:03:46] [INFO] EDIT SUCCESS
[2024-05-24 12:03:46] [INFO] EDIT SUCCESS: Oppenheimer ID: 66501d686c896
[2024-05-24 12:05:40] [INFO] EDIT SUCCESS
[2024-05-24 12:05:40] [INFO] EDIT SUCCESS: The Eras Tour ID: 1
[2024-05-24 12:05:49] [INFO] EDIT SUCCESS
[2024-05-24 12:05:49] [INFO] EDIT SUCCESS: Barbie ID: 66501fdc54c08
[2024-05-24 12:05:56] [INFO] EDIT SUCCESS
[2024-05-24 12:05:56] [INFO] EDIT SUCCESS: Challengers ID: 665060a14546f
[2024-05-24 12:22:16] [INFO] EDIT SUCCESS
[2024-05-24 12:22:16] [INFO] EDIT SUCCESS: Challengers ID: 665060a14546f
